# JRE version: OpenJDK Runtime Environment (8.0_322) (build 1.8.0_322-bre_2022_02_28_15_01-b00)
# Java VM: OpenJDK 64-Bit Server VM (25.322-b00 mixed mode bsd-amd64 compressed oops)
Heap:
 PSYoungGen      total 276992K, used 218435K [0x0000000715580000, 0x0000000731f00000, 0x00000007c0000000)
  eden space 255488K, 85% used [0x0000000715580000,0x0000000722ad0d00,0x0000000724f00000)
  from space 21504K, 0% used [0x0000000724f00000,0x0000000724f00000,0x0000000726400000)
  to   space 18944K, 0% used [0x0000000730c80000,0x0000000730c80000,0x0000000731f00000)
 ParOldGen       total 216064K, used 19759K [0x00000005c0000000, 0x00000005cd300000, 0x0000000715580000)
  object space 216064K, 9% used [0x00000005c0000000,0x00000005c134bf80,0x00000005cd300000)
 Metaspace       used 47785K, capacity 51470K, committed 51712K, reserved 1093632K
  class space    used 6864K, capacity 7556K, committed 7680K, reserved 1048576K
GC Heap History (10 events):
Event: 1.301 GC heap before
{Heap before GC invocations=3 (full 0):
 PSYoungGen      total 153088K, used 18756K [0x0000000715580000, 0x0000000728080000, 0x00000007c0000000)
  eden space 131584K, 7% used [0x0000000715580000,0x0000000715fbb5b8,0x000000071d600000)
  from space 21504K, 38% used [0x000000071eb00000,0x000000071f315d00,0x0000000720000000)
  to   space 21504K, 0% used [0x000000071d600000,0x000000071d600000,0x000000071eb00000)
 ParOldGen       total 349696K, used 32K [0x00000005c0000000, 0x00000005d5580000, 0x0000000715580000)
  object space 349696K, 0% used [0x00000005c0000000,0x00000005c0008000,0x00000005d5580000)
 Metaspace       used 20572K, capacity 21512K, committed 21628K, reserved 1069056K
  class space    used 2797K, capacity 3042K, committed 3072K, reserved 1048576K
Event: 1.304 GC heap after
Heap after GC invocations=3 (full 0):
 PSYoungGen      total 153088K, used 6628K [0x0000000715580000, 0x0000000728080000, 0x00000007c0000000)
  eden space 131584K, 0% used [0x0000000715580000,0x0000000715580000,0x000000071d600000)
  from space 21504K, 30% used [0x000000071d600000,0x000000071dc790c0,0x000000071eb00000)
  to   space 21504K, 0% used [0x0000000726b80000,0x0000000726b80000,0x0000000728080000)
 ParOldGen       total 349696K, used 40K [0x00000005c0000000, 0x00000005d5580000, 0x0000000715580000)
  object space 349696K, 0% used [0x00000005c0000000,0x00000005c000a000,0x00000005d5580000)
 Metaspace       used 20572K, capacity 21512K, committed 21628K, reserved 1069056K
  class space    used 2797K, capacity 3042K, committed 3072K, reserved 1048576K
}
Event: 1.304 GC heap before
{Heap before GC invocations=4 (full 1):
 PSYoungGen      total 153088K, used 6628K [0x0000000715580000, 0x0000000728080000, 0x00000007c0000000)
  eden space 131584K, 0% used [0x0000000715580000,0x0000000715580000,0x000000071d600000)
  from space 21504K, 30% used [0x000000071d600000,0x000000071dc790c0,0x000000071eb00000)
  to   space 21504K, 0% used [0x0000000726b80000,0x0000000726b80000,0x0000000728080000)
 ParOldGen       total 349696K, used 40K [0x00000005c0000000, 0x00000005d5580000, 0x0000000715580000)
  object space 349696K, 0% used [0x00000005c0000000,0x00000005c000a000,0x00000005d5580000)
 Metaspace       used 20572K, capacity 21512K, committed 21628K, reserved 1069056K
  class space    used 2797K, capacity 3042K, committed 3072K, reserved 1048576K
Event: 1.326 GC heap after
Heap after GC invocations=4 (full 1):
 PSYoungGen      total 153088K, used 0K [0x0000000715580000, 0x0000000728080000, 0x00000007c0000000)
  eden space 131584K, 0% used [0x0000000715580000,0x0000000715580000,0x000000071d600000)
  from space 21504K, 0% used [0x000000071d600000,0x000000071d600000,0x000000071eb00000)
  to   space 21504K, 0% used [0x0000000726b80000,0x0000000726b80000,0x0000000728080000)
 ParOldGen       total 156672K, used 6360K [0x00000005c0000000, 0x00000005c9900000, 0x0000000715580000)
  object space 156672K, 4% used [0x00000005c0000000,0x00000005c0636248,0x00000005c9900000)
 Metaspace       used 20572K, capacity 21512K, committed 21628K, reserved 1069056K
  class space    used 2797K, capacity 3042K, committed 3072K, reserved 1048576K
}
Event: 1.910 GC heap before
{Heap before GC invocations=5 (full 1):
 PSYoungGen      total 153088K, used 131584K [0x0000000715580000, 0x0000000728080000, 0x00000007c0000000)
  eden space 131584K, 100% used [0x0000000715580000,0x000000071d600000,0x000000071d600000)
  from space 21504K, 0% used [0x000000071d600000,0x000000071d600000,0x000000071eb00000)
  to   space 21504K, 0% used [0x0000000726b80000,0x0000000726b80000,0x0000000728080000)
 ParOldGen       total 156672K, used 6360K [0x00000005c0000000, 0x00000005c9900000, 0x0000000715580000)
  object space 156672K, 4% used [0x00000005c0000000,0x00000005c0636248,0x00000005c9900000)
 Metaspace       used 26489K, capacity 27780K, committed 28160K, reserved 1073152K
  class space    used 3689K, capacity 3976K, committed 4096K, reserved 1048576K
Event: 1.916 GC heap after
Heap after GC invocations=5 (full 1):
 PSYoungGen      total 254464K, used 13647K [0x0000000715580000, 0x0000000727900000, 0x00000007c0000000)
  eden space 240640K, 0% used [0x0000000715580000,0x0000000715580000,0x0000000724080000)
  from space 13824K, 98% used [0x0000000726b80000,0x00000007278d3ef0,0x0000000727900000)
  to   space 21504K, 0% used [0x0000000724f00000,0x0000000724f00000,0x0000000726400000)
 ParOldGen       total 156672K, used 6368K [0x00000005c0000000, 0x00000005c9900000, 0x0000000715580000)
  object space 156672K, 4% used [0x00000005c0000000,0x00000005c0638248,0x00000005c9900000)
 Metaspace       used 26489K, capacity 27780K, committed 28160K, reserved 1073152K
  class space    used 3689K, capacity 3976K, committed 4096K, reserved 1048576K
}
Event: 2.633 GC heap before
{Heap before GC invocations=6 (full 1):
 PSYoungGen      total 254464K, used 122503K [0x0000000715580000, 0x0000000727900000, 0x00000007c0000000)
  eden space 240640K, 45% used [0x0000000715580000,0x000000071bfce030,0x0000000724080000)
  from space 13824K, 98% used [0x0000000726b80000,0x00000007278d3ef0,0x0000000727900000)
  to   space 21504K, 0% used [0x0000000724f00000,0x0000000724f00000,0x0000000726400000)
 ParOldGen       total 156672K, used 6368K [0x00000005c0000000, 0x00000005c9900000, 0x0000000715580000)
  object space 156672K, 4% used [0x00000005c0000000,0x00000005c0638248,0x00000005c9900000)
 Metaspace       used 33764K, capacity 35946K, committed 36048K, reserved 1081344K
  class space    used 4768K, capacity 5205K, committed 5248K, reserved 1048576K
Event: 2.640 GC heap after
Heap after GC invocations=6 (full 1):
 PSYoungGen      total 276992K, used 15784K [0x0000000715580000, 0x0000000731f00000, 0x00000007c0000000)
  eden space 255488K, 0% used [0x0000000715580000,0x0000000715580000,0x0000000724f00000)
  from space 21504K, 73% used [0x0000000724f00000,0x0000000725e6a270,0x0000000726400000)
  to   space 18944K, 0% used [0x0000000730c80000,0x0000000730c80000,0x0000000731f00000)
 ParOldGen       total 156672K, used 6376K [0x00000005c0000000, 0x00000005c9900000, 0x0000000715580000)
  object space 156672K, 4% used [0x00000005c0000000,0x00000005c063a248,0x00000005c9900000)
 Metaspace       used 33764K, capacity 35946K, committed 36048K, reserved 1081344K
  class space    used 4768K, capacity 5205K, committed 5248K, reserved 1048576K
}
Event: 2.640 GC heap before
{Heap before GC invocations=7 (full 2):
 PSYoungGen      total 276992K, used 15784K [0x0000000715580000, 0x0000000731f00000, 0x00000007c0000000)
  eden space 255488K, 0% used [0x0000000715580000,0x0000000715580000,0x0000000724f00000)
  from space 21504K, 73% used [0x0000000724f00000,0x0000000725e6a270,0x0000000726400000)
  to   space 18944K, 0% used [0x0000000730c80000,0x0000000730c80000,0x0000000731f00000)
 ParOldGen       total 156672K, used 6376K [0x00000005c0000000, 0x00000005c9900000, 0x0000000715580000)
  object space 156672K, 4% used [0x00000005c0000000,0x00000005c063a248,0x00000005c9900000)
 Metaspace       used 33764K, capacity 35946K, committed 36048K, reserved 1081344K
  class space    used 4768K, capacity 5205K, committed 5248K, reserved 1048576K
Event: 2.691 GC heap after
Heap after GC invocations=7 (full 2):
 PSYoungGen      total 276992K, used 0K [0x0000000715580000, 0x0000000731f00000, 0x00000007c0000000)
  eden space 255488K, 0% used [0x0000000715580000,0x0000000715580000,0x0000000724f00000)
  from space 21504K, 0% used [0x0000000724f00000,0x0000000724f00000,0x0000000726400000)
  to   space 18944K, 0% used [0x0000000730c80000,0x0000000730c80000,0x0000000731f00000)
 ParOldGen       total 216064K, used 19759K [0x00000005c0000000, 0x00000005cd300000, 0x0000000715580000)
  object space 216064K, 9% used [0x00000005c0000000,0x00000005c134bf80,0x00000005cd300000)
 Metaspace       used 33764K, capacity 35946K, committed 36048K, reserved 1081344K
  class space    used 4768K, capacity 5205K, committed 5248K, reserved 1048576K
}

