# JRE version: OpenJDK Runtime Environment (8.0_322) (build 1.8.0_322-bre_2022_02_28_15_01-b00)
# Java VM: OpenJDK 64-Bit Server VM (25.322-b00 mixed mode bsd-amd64 compressed oops)
Heap:
 PSYoungGen      total 228864K, used 29596K [0x0000000715580000, 0x0000000729e80000, 0x00000007c0000000)
  eden space 207360K, 4% used [0x0000000715580000,0x0000000715ef0238,0x0000000722000000)
  from space 21504K, 92% used [0x0000000722000000,0x0000000723376eb0,0x0000000723500000)
  to   space 22528K, 0% used [0x0000000728880000,0x0000000728880000,0x0000000729e80000)
 ParOldGen       total 283648K, used 19149K [0x00000005c0000000, 0x00000005d1500000, 0x0000000715580000)
  object space 283648K, 6% used [0x00000005c0000000,0x00000005c12b3698,0x00000005d1500000)
 Metaspace       used 47796K, capacity 51526K, committed 51672K, reserved 1093632K
  class space    used 6864K, capacity 7554K, committed 7640K, reserved 1048576K
GC Heap History (10 events):
Event: 1.161 GC heap before
{Heap before GC invocations=3 (full 1):
 PSYoungGen      total 153088K, used 7686K [0x0000000715580000, 0x0000000728080000, 0x00000007c0000000)
  eden space 131584K, 0% used [0x0000000715580000,0x0000000715580000,0x000000071d600000)
  from space 21504K, 35% used [0x000000071eb00000,0x000000071f281bc8,0x0000000720000000)
  to   space 21504K, 0% used [0x000000071d600000,0x000000071d600000,0x000000071eb00000)
 ParOldGen       total 349696K, used 32K [0x00000005c0000000, 0x00000005d5580000, 0x0000000715580000)
  object space 349696K, 0% used [0x00000005c0000000,0x00000005c0008000,0x00000005d5580000)
 Metaspace       used 20213K, capacity 21086K, committed 21248K, reserved 1067008K
  class space    used 2747K, capacity 2957K, committed 3072K, reserved 1048576K
Event: 1.192 GC heap after
Heap after GC invocations=3 (full 1):
 PSYoungGen      total 153088K, used 0K [0x0000000715580000, 0x0000000728080000, 0x00000007c0000000)
  eden space 131584K, 0% used [0x0000000715580000,0x0000000715580000,0x000000071d600000)
  from space 21504K, 0% used [0x000000071eb00000,0x000000071eb00000,0x0000000720000000)
  to   space 21504K, 0% used [0x000000071d600000,0x000000071d600000,0x000000071eb00000)
 ParOldGen       total 180736K, used 7454K [0x00000005c0000000, 0x00000005cb080000, 0x0000000715580000)
  object space 180736K, 4% used [0x00000005c0000000,0x00000005c0747880,0x00000005cb080000)
 Metaspace       used 20213K, capacity 21086K, committed 21248K, reserved 1067008K
  class space    used 2747K, capacity 2957K, committed 3072K, reserved 1048576K
}
Event: 1.717 GC heap before
{Heap before GC invocations=4 (full 1):
 PSYoungGen      total 153088K, used 131584K [0x0000000715580000, 0x0000000728080000, 0x00000007c0000000)
  eden space 131584K, 100% used [0x0000000715580000,0x000000071d600000,0x000000071d600000)
  from space 21504K, 0% used [0x000000071eb00000,0x000000071eb00000,0x0000000720000000)
  to   space 21504K, 0% used [0x000000071d600000,0x000000071d600000,0x000000071eb00000)
 ParOldGen       total 180736K, used 7454K [0x00000005c0000000, 0x00000005cb080000, 0x0000000715580000)
  object space 180736K, 4% used [0x00000005c0000000,0x00000005c0747880,0x00000005cb080000)
 Metaspace       used 26246K, capacity 27484K, committed 27776K, reserved 1073152K
  class space    used 3657K, capacity 3942K, committed 3968K, reserved 1048576K
Event: 1.722 GC heap after
Heap after GC invocations=4 (full 1):
 PSYoungGen      total 153088K, used 13737K [0x0000000715580000, 0x0000000724f00000, 0x00000007c0000000)
  eden space 131584K, 0% used [0x0000000715580000,0x0000000715580000,0x000000071d600000)
  from space 21504K, 63% used [0x000000071d600000,0x000000071e36a728,0x000000071eb00000)
  to   space 21504K, 0% used [0x0000000723a00000,0x0000000723a00000,0x0000000724f00000)
 ParOldGen       total 180736K, used 7462K [0x00000005c0000000, 0x00000005cb080000, 0x0000000715580000)
  object space 180736K, 4% used [0x00000005c0000000,0x00000005c0749880,0x00000005cb080000)
 Metaspace       used 26246K, capacity 27484K, committed 27776K, reserved 1073152K
  class space    used 3657K, capacity 3942K, committed 3968K, reserved 1048576K
}
Event: 2.238 GC heap before
{Heap before GC invocations=5 (full 1):
 PSYoungGen      total 153088K, used 114380K [0x0000000715580000, 0x0000000724f00000, 0x00000007c0000000)
  eden space 131584K, 76% used [0x0000000715580000,0x000000071b7c8b30,0x000000071d600000)
  from space 21504K, 63% used [0x000000071d600000,0x000000071e36a728,0x000000071eb00000)
  to   space 21504K, 0% used [0x0000000723a00000,0x0000000723a00000,0x0000000724f00000)
 ParOldGen       total 180736K, used 7462K [0x00000005c0000000, 0x00000005cb080000, 0x0000000715580000)
  object space 180736K, 4% used [0x00000005c0000000,0x00000005c0749880,0x00000005cb080000)
 Metaspace       used 33249K, capacity 35316K, committed 35416K, reserved 1079296K
  class space    used 4683K, capacity 5130K, committed 5208K, reserved 1048576K
Event: 2.247 GC heap after
Heap after GC invocations=5 (full 1):
 PSYoungGen      total 223744K, used 15353K [0x0000000715580000, 0x0000000724a00000, 0x00000007c0000000)
  eden space 207360K, 0% used [0x0000000715580000,0x0000000715580000,0x0000000722000000)
  from space 16384K, 93% used [0x0000000723a00000,0x00000007248fe480,0x0000000724a00000)
  to   space 21504K, 0% used [0x0000000722000000,0x0000000722000000,0x0000000723500000)
 ParOldGen       total 180736K, used 7470K [0x00000005c0000000, 0x00000005cb080000, 0x0000000715580000)
  object space 180736K, 4% used [0x00000005c0000000,0x00000005c074b880,0x00000005cb080000)
 Metaspace       used 33249K, capacity 35316K, committed 35416K, reserved 1079296K
  class space    used 4683K, capacity 5130K, committed 5208K, reserved 1048576K
}
Event: 2.247 GC heap before
{Heap before GC invocations=6 (full 2):
 PSYoungGen      total 223744K, used 15353K [0x0000000715580000, 0x0000000724a00000, 0x00000007c0000000)
  eden space 207360K, 0% used [0x0000000715580000,0x0000000715580000,0x0000000722000000)
  from space 16384K, 93% used [0x0000000723a00000,0x00000007248fe480,0x0000000724a00000)
  to   space 21504K, 0% used [0x0000000722000000,0x0000000722000000,0x0000000723500000)
 ParOldGen       total 180736K, used 7470K [0x00000005c0000000, 0x00000005cb080000, 0x0000000715580000)
  object space 180736K, 4% used [0x00000005c0000000,0x00000005c074b880,0x00000005cb080000)
 Metaspace       used 33249K, capacity 35316K, committed 35416K, reserved 1079296K
  class space    used 4683K, capacity 5130K, committed 5208K, reserved 1048576K
Event: 2.305 GC heap after
Heap after GC invocations=6 (full 2):
 PSYoungGen      total 223744K, used 0K [0x0000000715580000, 0x0000000724a00000, 0x00000007c0000000)
  eden space 207360K, 0% used [0x0000000715580000,0x0000000715580000,0x0000000722000000)
  from space 16384K, 0% used [0x0000000723a00000,0x0000000723a00000,0x0000000724a00000)
  to   space 21504K, 0% used [0x0000000722000000,0x0000000722000000,0x0000000723500000)
 ParOldGen       total 283648K, used 19141K [0x00000005c0000000, 0x00000005d1500000, 0x0000000715580000)
  object space 283648K, 6% used [0x00000005c0000000,0x00000005c12b1698,0x00000005d1500000)
 Metaspace       used 33249K, capacity 35316K, committed 35416K, reserved 1079296K
  class space    used 4683K, capacity 5130K, committed 5208K, reserved 1048576K
}
Event: 14.561 GC heap before
{Heap before GC invocations=7 (full 2):
 PSYoungGen      total 223744K, used 207360K [0x0000000715580000, 0x0000000724a00000, 0x00000007c0000000)
  eden space 207360K, 100% used [0x0000000715580000,0x0000000722000000,0x0000000722000000)
  from space 16384K, 0% used [0x0000000723a00000,0x0000000723a00000,0x0000000724a00000)
  to   space 21504K, 0% used [0x0000000722000000,0x0000000722000000,0x0000000723500000)
 ParOldGen       total 283648K, used 19141K [0x00000005c0000000, 0x00000005d1500000, 0x0000000715580000)
  object space 283648K, 6% used [0x00000005c0000000,0x00000005c12b1698,0x00000005d1500000)
 Metaspace       used 47474K, capacity 51152K, committed 51288K, reserved 1093632K
  class space    used 6815K, capacity 7501K, committed 7512K, reserved 1048576K
Event: 14.573 GC heap after
Heap after GC invocations=7 (full 2):
 PSYoungGen      total 228864K, used 19931K [0x0000000715580000, 0x0000000729e80000, 0x00000007c0000000)
  eden space 207360K, 0% used [0x0000000715580000,0x0000000715580000,0x0000000722000000)
  from space 21504K, 92% used [0x0000000722000000,0x0000000723376eb0,0x0000000723500000)
  to   space 22528K, 0% used [0x0000000728880000,0x0000000728880000,0x0000000729e80000)
 ParOldGen       total 283648K, used 19149K [0x00000005c0000000, 0x00000005d1500000, 0x0000000715580000)
  object space 283648K, 6% used [0x00000005c0000000,0x00000005c12b3698,0x00000005d1500000)
 Metaspace       used 47474K, capacity 51152K, committed 51288K, reserved 1093632K
  class space    used 6815K, capacity 7501K, committed 7512K, reserved 1048576K
}

