# JRE version: OpenJDK Runtime Environment (8.0_322) (build 1.8.0_322-bre_2022_02_28_15_01-b00)
# Java VM: OpenJDK 64-Bit Server VM (25.322-b00 mixed mode bsd-amd64 compressed oops)
Heap:
 PSYoungGen      total 227840K, used 209349K [0x0000000715580000, 0x0000000724e80000, 0x00000007c0000000)
  eden space 211968K, 98% used [0x0000000715580000,0x00000007221f16a8,0x0000000722480000)
  from space 15872K, 0% used [0x0000000723f00000,0x0000000723f00000,0x0000000724e80000)
  to   space 21504K, 0% used [0x0000000722480000,0x0000000722480000,0x0000000723980000)
 ParOldGen       total 270848K, used 19415K [0x00000005c0000000, 0x00000005d0880000, 0x0000000715580000)
  object space 270848K, 7% used [0x00000005c0000000,0x00000005c12f5c70,0x00000005d0880000)
 Metaspace       used 47789K, capacity 51526K, committed 51712K, reserved 1093632K
  class space    used 6861K, capacity 7554K, committed 7680K, reserved 1048576K
GC Heap History (10 events):
Event: 0.993 GC heap before
{Heap before GC invocations=2 (full 0):
 PSYoungGen      total 153088K, used 51097K [0x0000000715580000, 0x0000000720000000, 0x00000007c0000000)
  eden space 131584K, 29% used [0x0000000715580000,0x0000000717b10908,0x000000071d600000)
  from space 21504K, 58% used [0x000000071d600000,0x000000071e255b18,0x000000071eb00000)
  to   space 21504K, 0% used [0x000000071eb00000,0x000000071eb00000,0x0000000720000000)
 ParOldGen       total 349696K, used 24K [0x00000005c0000000, 0x00000005d5580000, 0x0000000715580000)
  object space 349696K, 0% used [0x00000005c0000000,0x00000005c0006000,0x00000005d5580000)
 Metaspace       used 20293K, capacity 21126K, committed 21248K, reserved 1067008K
  class space    used 2737K, capacity 2955K, committed 3072K, reserved 1048576K
Event: 1.000 GC heap after
Heap after GC invocations=2 (full 0):
 PSYoungGen      total 153088K, used 8065K [0x0000000715580000, 0x0000000728080000, 0x00000007c0000000)
  eden space 131584K, 0% used [0x0000000715580000,0x0000000715580000,0x000000071d600000)
  from space 21504K, 37% used [0x000000071eb00000,0x000000071f2e0468,0x0000000720000000)
  to   space 21504K, 0% used [0x000000071d600000,0x000000071d600000,0x000000071eb00000)
 ParOldGen       total 349696K, used 32K [0x00000005c0000000, 0x00000005d5580000, 0x0000000715580000)
  object space 349696K, 0% used [0x00000005c0000000,0x00000005c0008000,0x00000005d5580000)
 Metaspace       used 20293K, capacity 21126K, committed 21248K, reserved 1067008K
  class space    used 2737K, capacity 2955K, committed 3072K, reserved 1048576K
}
Event: 1.000 GC heap before
{Heap before GC invocations=3 (full 1):
 PSYoungGen      total 153088K, used 8065K [0x0000000715580000, 0x0000000728080000, 0x00000007c0000000)
  eden space 131584K, 0% used [0x0000000715580000,0x0000000715580000,0x000000071d600000)
  from space 21504K, 37% used [0x000000071eb00000,0x000000071f2e0468,0x0000000720000000)
  to   space 21504K, 0% used [0x000000071d600000,0x000000071d600000,0x000000071eb00000)
 ParOldGen       total 349696K, used 32K [0x00000005c0000000, 0x00000005d5580000, 0x0000000715580000)
  object space 349696K, 0% used [0x00000005c0000000,0x00000005c0008000,0x00000005d5580000)
 Metaspace       used 20293K, capacity 21126K, committed 21248K, reserved 1067008K
  class space    used 2737K, capacity 2955K, committed 3072K, reserved 1048576K
Event: 1.020 GC heap after
Heap after GC invocations=3 (full 1):
 PSYoungGen      total 153088K, used 0K [0x0000000715580000, 0x0000000728080000, 0x00000007c0000000)
  eden space 131584K, 0% used [0x0000000715580000,0x0000000715580000,0x000000071d600000)
  from space 21504K, 0% used [0x000000071eb00000,0x000000071eb00000,0x0000000720000000)
  to   space 21504K, 0% used [0x000000071d600000,0x000000071d600000,0x000000071eb00000)
 ParOldGen       total 178688K, used 7739K [0x00000005c0000000, 0x00000005cae80000, 0x0000000715580000)
  object space 178688K, 4% used [0x00000005c0000000,0x00000005c078ec08,0x00000005cae80000)
 Metaspace       used 20293K, capacity 21126K, committed 21248K, reserved 1067008K
  class space    used 2737K, capacity 2955K, committed 3072K, reserved 1048576K
}
Event: 1.619 GC heap before
{Heap before GC invocations=4 (full 1):
 PSYoungGen      total 153088K, used 131584K [0x0000000715580000, 0x0000000728080000, 0x00000007c0000000)
  eden space 131584K, 100% used [0x0000000715580000,0x000000071d600000,0x000000071d600000)
  from space 21504K, 0% used [0x000000071eb00000,0x000000071eb00000,0x0000000720000000)
  to   space 21504K, 0% used [0x000000071d600000,0x000000071d600000,0x000000071eb00000)
 ParOldGen       total 178688K, used 7739K [0x00000005c0000000, 0x00000005cae80000, 0x0000000715580000)
  object space 178688K, 4% used [0x00000005c0000000,0x00000005c078ec08,0x00000005cae80000)
 Metaspace       used 26359K, capacity 27588K, committed 27776K, reserved 1073152K
  class space    used 3655K, capacity 3912K, committed 3968K, reserved 1048576K
Event: 1.629 GC heap after
Heap after GC invocations=4 (full 1):
 PSYoungGen      total 153088K, used 13567K [0x0000000715580000, 0x0000000725400000, 0x00000007c0000000)
  eden space 131584K, 0% used [0x0000000715580000,0x0000000715580000,0x000000071d600000)
  from space 21504K, 63% used [0x000000071d600000,0x000000071e33fdb0,0x000000071eb00000)
  to   space 21504K, 0% used [0x0000000723f00000,0x0000000723f00000,0x0000000725400000)
 ParOldGen       total 178688K, used 7747K [0x00000005c0000000, 0x00000005cae80000, 0x0000000715580000)
  object space 178688K, 4% used [0x00000005c0000000,0x00000005c0790c08,0x00000005cae80000)
 Metaspace       used 26359K, capacity 27588K, committed 27776K, reserved 1073152K
  class space    used 3655K, capacity 3912K, committed 3968K, reserved 1048576K
}
Event: 2.502 GC heap before
{Heap before GC invocations=5 (full 1):
 PSYoungGen      total 153088K, used 115561K [0x0000000715580000, 0x0000000725400000, 0x00000007c0000000)
  eden space 131584K, 77% used [0x0000000715580000,0x000000071b91a910,0x000000071d600000)
  from space 21504K, 63% used [0x000000071d600000,0x000000071e33fdb0,0x000000071eb00000)
  to   space 21504K, 0% used [0x0000000723f00000,0x0000000723f00000,0x0000000725400000)
 ParOldGen       total 178688K, used 7747K [0x00000005c0000000, 0x00000005cae80000, 0x0000000715580000)
  object space 178688K, 4% used [0x00000005c0000000,0x00000005c0790c08,0x00000005cae80000)
 Metaspace       used 33296K, capacity 35354K, committed 35416K, reserved 1079296K
  class space    used 4682K, capacity 5099K, committed 5120K, reserved 1048576K
Event: 2.512 GC heap after
Heap after GC invocations=5 (full 1):
 PSYoungGen      total 227840K, used 15425K [0x0000000715580000, 0x0000000724e80000, 0x00000007c0000000)
  eden space 211968K, 0% used [0x0000000715580000,0x0000000715580000,0x0000000722480000)
  from space 15872K, 97% used [0x0000000723f00000,0x0000000724e10770,0x0000000724e80000)
  to   space 21504K, 0% used [0x0000000722480000,0x0000000722480000,0x0000000723980000)
 ParOldGen       total 178688K, used 7755K [0x00000005c0000000, 0x00000005cae80000, 0x0000000715580000)
  object space 178688K, 4% used [0x00000005c0000000,0x00000005c0792c08,0x00000005cae80000)
 Metaspace       used 33296K, capacity 35354K, committed 35416K, reserved 1079296K
  class space    used 4682K, capacity 5099K, committed 5120K, reserved 1048576K
}
Event: 2.512 GC heap before
{Heap before GC invocations=6 (full 2):
 PSYoungGen      total 227840K, used 15425K [0x0000000715580000, 0x0000000724e80000, 0x00000007c0000000)
  eden space 211968K, 0% used [0x0000000715580000,0x0000000715580000,0x0000000722480000)
  from space 15872K, 97% used [0x0000000723f00000,0x0000000724e10770,0x0000000724e80000)
  to   space 21504K, 0% used [0x0000000722480000,0x0000000722480000,0x0000000723980000)
 ParOldGen       total 178688K, used 7755K [0x00000005c0000000, 0x00000005cae80000, 0x0000000715580000)
  object space 178688K, 4% used [0x00000005c0000000,0x00000005c0792c08,0x00000005cae80000)
 Metaspace       used 33296K, capacity 35354K, committed 35416K, reserved 1079296K
  class space    used 4682K, capacity 5099K, committed 5120K, reserved 1048576K
Event: 2.568 GC heap after
Heap after GC invocations=6 (full 2):
 PSYoungGen      total 227840K, used 0K [0x0000000715580000, 0x0000000724e80000, 0x00000007c0000000)
  eden space 211968K, 0% used [0x0000000715580000,0x0000000715580000,0x0000000722480000)
  from space 15872K, 0% used [0x0000000723f00000,0x0000000723f00000,0x0000000724e80000)
  to   space 21504K, 0% used [0x0000000722480000,0x0000000722480000,0x0000000723980000)
 ParOldGen       total 270848K, used 19415K [0x00000005c0000000, 0x00000005d0880000, 0x0000000715580000)
  object space 270848K, 7% used [0x00000005c0000000,0x00000005c12f5c70,0x00000005d0880000)
 Metaspace       used 33296K, capacity 35354K, committed 35416K, reserved 1079296K
  class space    used 4682K, capacity 5099K, committed 5120K, reserved 1048576K
}

