# JRE version: OpenJDK Runtime Environment (8.0_322) (build 1.8.0_322-bre_2022_02_28_15_01-b00)
# Java VM: OpenJDK 64-Bit Server VM (25.322-b00 mixed mode bsd-amd64 compressed oops)
Heap:
 PSYoungGen      total 233984K, used 213699K [0x0000000715580000, 0x0000000725380000, 0x00000007c0000000)
  eden space 217088K, 98% used [0x0000000715580000,0x0000000722630c68,0x0000000722980000)
  from space 16896K, 0% used [0x0000000724300000,0x0000000724300000,0x0000000725380000)
  to   space 21504K, 0% used [0x0000000722980000,0x0000000722980000,0x0000000723e80000)
 ParOldGen       total 270848K, used 19133K [0x00000005c0000000, 0x00000005d0880000, 0x0000000715580000)
  object space 270848K, 7% used [0x00000005c0000000,0x00000005c12af5e8,0x00000005d0880000)
 Metaspace       used 47778K, capacity 51450K, committed 51672K, reserved 1093632K
  class space    used 6861K, capacity 7552K, committed 7640K, reserved 1048576K
GC Heap History (10 events):
Event: 1.004 GC heap before
{Heap before GC invocations=2 (full 0):
 PSYoungGen      total 153088K, used 49668K [0x0000000715580000, 0x0000000720000000, 0x00000007c0000000)
  eden space 131584K, 28% used [0x0000000715580000,0x00000007179ac028,0x000000071d600000)
  from space 21504K, 58% used [0x000000071d600000,0x000000071e2551a8,0x000000071eb00000)
  to   space 21504K, 0% used [0x000000071eb00000,0x000000071eb00000,0x0000000720000000)
 ParOldGen       total 349696K, used 24K [0x00000005c0000000, 0x00000005d5580000, 0x0000000715580000)
  object space 349696K, 0% used [0x00000005c0000000,0x00000005c0006000,0x00000005d5580000)
 Metaspace       used 20282K, capacity 21118K, committed 21248K, reserved 1067008K
  class space    used 2738K, capacity 2953K, committed 3072K, reserved 1048576K
Event: 1.008 GC heap after
Heap after GC invocations=2 (full 0):
 PSYoungGen      total 153088K, used 7973K [0x0000000715580000, 0x0000000728080000, 0x00000007c0000000)
  eden space 131584K, 0% used [0x0000000715580000,0x0000000715580000,0x000000071d600000)
  from space 21504K, 37% used [0x000000071eb00000,0x000000071f2c9448,0x0000000720000000)
  to   space 21504K, 0% used [0x000000071d600000,0x000000071d600000,0x000000071eb00000)
 ParOldGen       total 349696K, used 32K [0x00000005c0000000, 0x00000005d5580000, 0x0000000715580000)
  object space 349696K, 0% used [0x00000005c0000000,0x00000005c0008000,0x00000005d5580000)
 Metaspace       used 20282K, capacity 21118K, committed 21248K, reserved 1067008K
  class space    used 2738K, capacity 2953K, committed 3072K, reserved 1048576K
}
Event: 1.008 GC heap before
{Heap before GC invocations=3 (full 1):
 PSYoungGen      total 153088K, used 7973K [0x0000000715580000, 0x0000000728080000, 0x00000007c0000000)
  eden space 131584K, 0% used [0x0000000715580000,0x0000000715580000,0x000000071d600000)
  from space 21504K, 37% used [0x000000071eb00000,0x000000071f2c9448,0x0000000720000000)
  to   space 21504K, 0% used [0x000000071d600000,0x000000071d600000,0x000000071eb00000)
 ParOldGen       total 349696K, used 32K [0x00000005c0000000, 0x00000005d5580000, 0x0000000715580000)
  object space 349696K, 0% used [0x00000005c0000000,0x00000005c0008000,0x00000005d5580000)
 Metaspace       used 20282K, capacity 21118K, committed 21248K, reserved 1067008K
  class space    used 2738K, capacity 2953K, committed 3072K, reserved 1048576K
Event: 1.023 GC heap after
Heap after GC invocations=3 (full 1):
 PSYoungGen      total 153088K, used 0K [0x0000000715580000, 0x0000000728080000, 0x00000007c0000000)
  eden space 131584K, 0% used [0x0000000715580000,0x0000000715580000,0x000000071d600000)
  from space 21504K, 0% used [0x000000071eb00000,0x000000071eb00000,0x0000000720000000)
  to   space 21504K, 0% used [0x000000071d600000,0x000000071d600000,0x000000071eb00000)
 ParOldGen       total 173568K, used 7666K [0x00000005c0000000, 0x00000005ca980000, 0x0000000715580000)
  object space 173568K, 4% used [0x00000005c0000000,0x00000005c077ca48,0x00000005ca980000)
 Metaspace       used 20282K, capacity 21118K, committed 21248K, reserved 1067008K
  class space    used 2738K, capacity 2953K, committed 3072K, reserved 1048576K
}
Event: 1.573 GC heap before
{Heap before GC invocations=4 (full 1):
 PSYoungGen      total 153088K, used 131584K [0x0000000715580000, 0x0000000728080000, 0x00000007c0000000)
  eden space 131584K, 100% used [0x0000000715580000,0x000000071d600000,0x000000071d600000)
  from space 21504K, 0% used [0x000000071eb00000,0x000000071eb00000,0x0000000720000000)
  to   space 21504K, 0% used [0x000000071d600000,0x000000071d600000,0x000000071eb00000)
 ParOldGen       total 173568K, used 7666K [0x00000005c0000000, 0x00000005ca980000, 0x0000000715580000)
  object space 173568K, 4% used [0x00000005c0000000,0x00000005c077ca48,0x00000005ca980000)
 Metaspace       used 26436K, capacity 27676K, committed 27776K, reserved 1073152K
  class space    used 3671K, capacity 3942K, committed 3968K, reserved 1048576K
Event: 1.577 GC heap after
Heap after GC invocations=4 (full 1):
 PSYoungGen      total 153088K, used 13599K [0x0000000715580000, 0x0000000725800000, 0x00000007c0000000)
  eden space 131584K, 0% used [0x0000000715580000,0x0000000715580000,0x000000071d600000)
  from space 21504K, 63% used [0x000000071d600000,0x000000071e347d70,0x000000071eb00000)
  to   space 21504K, 0% used [0x0000000724300000,0x0000000724300000,0x0000000725800000)
 ParOldGen       total 173568K, used 7674K [0x00000005c0000000, 0x00000005ca980000, 0x0000000715580000)
  object space 173568K, 4% used [0x00000005c0000000,0x00000005c077ea48,0x00000005ca980000)
 Metaspace       used 26436K, capacity 27676K, committed 27776K, reserved 1073152K
  class space    used 3671K, capacity 3942K, committed 3968K, reserved 1048576K
}
Event: 2.132 GC heap before
{Heap before GC invocations=5 (full 1):
 PSYoungGen      total 153088K, used 112537K [0x0000000715580000, 0x0000000725800000, 0x00000007c0000000)
  eden space 131584K, 75% used [0x0000000715580000,0x000000071b61e7a8,0x000000071d600000)
  from space 21504K, 63% used [0x000000071d600000,0x000000071e347d70,0x000000071eb00000)
  to   space 21504K, 0% used [0x0000000724300000,0x0000000724300000,0x0000000725800000)
 ParOldGen       total 173568K, used 7674K [0x00000005c0000000, 0x00000005ca980000, 0x0000000715580000)
  object space 173568K, 4% used [0x00000005c0000000,0x00000005c077ea48,0x00000005ca980000)
 Metaspace       used 33304K, capacity 35316K, committed 35416K, reserved 1079296K
  class space    used 4691K, capacity 5130K, committed 5208K, reserved 1048576K
Event: 2.140 GC heap after
Heap after GC invocations=5 (full 1):
 PSYoungGen      total 233984K, used 15400K [0x0000000715580000, 0x0000000725380000, 0x00000007c0000000)
  eden space 217088K, 0% used [0x0000000715580000,0x0000000715580000,0x0000000722980000)
  from space 16896K, 91% used [0x0000000724300000,0x000000072520a1a0,0x0000000725380000)
  to   space 21504K, 0% used [0x0000000722980000,0x0000000722980000,0x0000000723e80000)
 ParOldGen       total 173568K, used 7682K [0x00000005c0000000, 0x00000005ca980000, 0x0000000715580000)
  object space 173568K, 4% used [0x00000005c0000000,0x00000005c0780a48,0x00000005ca980000)
 Metaspace       used 33304K, capacity 35316K, committed 35416K, reserved 1079296K
  class space    used 4691K, capacity 5130K, committed 5208K, reserved 1048576K
}
Event: 2.140 GC heap before
{Heap before GC invocations=6 (full 2):
 PSYoungGen      total 233984K, used 15400K [0x0000000715580000, 0x0000000725380000, 0x00000007c0000000)
  eden space 217088K, 0% used [0x0000000715580000,0x0000000715580000,0x0000000722980000)
  from space 16896K, 91% used [0x0000000724300000,0x000000072520a1a0,0x0000000725380000)
  to   space 21504K, 0% used [0x0000000722980000,0x0000000722980000,0x0000000723e80000)
 ParOldGen       total 173568K, used 7682K [0x00000005c0000000, 0x00000005ca980000, 0x0000000715580000)
  object space 173568K, 4% used [0x00000005c0000000,0x00000005c0780a48,0x00000005ca980000)
 Metaspace       used 33304K, capacity 35316K, committed 35416K, reserved 1079296K
  class space    used 4691K, capacity 5130K, committed 5208K, reserved 1048576K
Event: 2.192 GC heap after
Heap after GC invocations=6 (full 2):
 PSYoungGen      total 233984K, used 0K [0x0000000715580000, 0x0000000725380000, 0x00000007c0000000)
  eden space 217088K, 0% used [0x0000000715580000,0x0000000715580000,0x0000000722980000)
  from space 16896K, 0% used [0x0000000724300000,0x0000000724300000,0x0000000725380000)
  to   space 21504K, 0% used [0x0000000722980000,0x0000000722980000,0x0000000723e80000)
 ParOldGen       total 270848K, used 19133K [0x00000005c0000000, 0x00000005d0880000, 0x0000000715580000)
  object space 270848K, 7% used [0x00000005c0000000,0x00000005c12af5e8,0x00000005d0880000)
 Metaspace       used 33304K, capacity 35316K, committed 35416K, reserved 1079296K
  class space    used 4691K, capacity 5130K, committed 5208K, reserved 1048576K
}

