# JRE version: OpenJDK Runtime Environment (8.0_322) (build 1.8.0_322-bre_2022_02_28_15_01-b00)
# Java VM: OpenJDK 64-Bit Server VM (25.322-b00 mixed mode bsd-amd64 compressed oops)
Heap:
 PSYoungGen      total 234496K, used 32238K [0x0000000715580000, 0x000000072ab80000, 0x00000007c0000000)
  eden space 212992K, 5% used [0x0000000715580000,0x0000000716106c10,0x0000000722580000)
  from space 21504K, 95% used [0x0000000722580000,0x0000000723974df0,0x0000000723a80000)
  to   space 22528K, 0% used [0x0000000729580000,0x0000000729580000,0x000000072ab80000)
 ParOldGen       total 272896K, used 19211K [0x00000005c0000000, 0x00000005d0a80000, 0x0000000715580000)
  object space 272896K, 7% used [0x00000005c0000000,0x00000005c12c2d50,0x00000005d0a80000)
 Metaspace       used 48317K, capacity 52294K, committed 52568K, reserved 1093632K
  class space    used 6959K, capacity 7692K, committed 7768K, reserved 1048576K
GC Heap History (10 events):
Event: 0.960 GC heap before
{Heap before GC invocations=3 (full 1):
 PSYoungGen      total 153088K, used 8209K [0x0000000715580000, 0x0000000728080000, 0x00000007c0000000)
  eden space 131584K, 0% used [0x0000000715580000,0x0000000715580000,0x000000071d600000)
  from space 21504K, 38% used [0x000000071eb00000,0x000000071f304508,0x0000000720000000)
  to   space 21504K, 0% used [0x000000071d600000,0x000000071d600000,0x000000071eb00000)
 ParOldGen       total 349696K, used 32K [0x00000005c0000000, 0x00000005d5580000, 0x0000000715580000)
  object space 349696K, 0% used [0x00000005c0000000,0x00000005c0008000,0x00000005d5580000)
 Metaspace       used 20292K, capacity 21118K, committed 21248K, reserved 1067008K
  class space    used 2738K, capacity 2953K, committed 3072K, reserved 1048576K
Event: 0.976 GC heap after
Heap after GC invocations=3 (full 1):
 PSYoungGen      total 153088K, used 0K [0x0000000715580000, 0x0000000728080000, 0x00000007c0000000)
  eden space 131584K, 0% used [0x0000000715580000,0x0000000715580000,0x000000071d600000)
  from space 21504K, 0% used [0x000000071eb00000,0x000000071eb00000,0x0000000720000000)
  to   space 21504K, 0% used [0x000000071d600000,0x000000071d600000,0x000000071eb00000)
 ParOldGen       total 177152K, used 7786K [0x00000005c0000000, 0x00000005cad00000, 0x0000000715580000)
  object space 177152K, 4% used [0x00000005c0000000,0x00000005c079ab30,0x00000005cad00000)
 Metaspace       used 20292K, capacity 21118K, committed 21248K, reserved 1067008K
  class space    used 2738K, capacity 2953K, committed 3072K, reserved 1048576K
}
Event: 1.437 GC heap before
{Heap before GC invocations=4 (full 1):
 PSYoungGen      total 153088K, used 131584K [0x0000000715580000, 0x0000000728080000, 0x00000007c0000000)
  eden space 131584K, 100% used [0x0000000715580000,0x000000071d600000,0x000000071d600000)
  from space 21504K, 0% used [0x000000071eb00000,0x000000071eb00000,0x0000000720000000)
  to   space 21504K, 0% used [0x000000071d600000,0x000000071d600000,0x000000071eb00000)
 ParOldGen       total 177152K, used 7786K [0x00000005c0000000, 0x00000005cad00000, 0x0000000715580000)
  object space 177152K, 4% used [0x00000005c0000000,0x00000005c079ab30,0x00000005cad00000)
 Metaspace       used 26067K, capacity 27256K, committed 27520K, reserved 1073152K
  class space    used 3619K, capacity 3886K, committed 3968K, reserved 1048576K
Event: 1.441 GC heap after
Heap after GC invocations=4 (full 1):
 PSYoungGen      total 153088K, used 13493K [0x0000000715580000, 0x0000000725400000, 0x00000007c0000000)
  eden space 131584K, 0% used [0x0000000715580000,0x0000000715580000,0x000000071d600000)
  from space 21504K, 62% used [0x000000071d600000,0x000000071e32d530,0x000000071eb00000)
  to   space 21504K, 0% used [0x0000000723f00000,0x0000000723f00000,0x0000000725400000)
 ParOldGen       total 177152K, used 7794K [0x00000005c0000000, 0x00000005cad00000, 0x0000000715580000)
  object space 177152K, 4% used [0x00000005c0000000,0x00000005c079cb30,0x00000005cad00000)
 Metaspace       used 26067K, capacity 27256K, committed 27520K, reserved 1073152K
  class space    used 3619K, capacity 3886K, committed 3968K, reserved 1048576K
}
Event: 1.921 GC heap before
{Heap before GC invocations=5 (full 1):
 PSYoungGen      total 153088K, used 113631K [0x0000000715580000, 0x0000000725400000, 0x00000007c0000000)
  eden space 131584K, 76% used [0x0000000715580000,0x000000071b74a740,0x000000071d600000)
  from space 21504K, 62% used [0x000000071d600000,0x000000071e32d530,0x000000071eb00000)
  to   space 21504K, 0% used [0x0000000723f00000,0x0000000723f00000,0x0000000725400000)
 ParOldGen       total 177152K, used 7794K [0x00000005c0000000, 0x00000005cad00000, 0x0000000715580000)
  object space 177152K, 4% used [0x00000005c0000000,0x00000005c079cb30,0x00000005cad00000)
 Metaspace       used 33304K, capacity 35316K, committed 35416K, reserved 1079296K
  class space    used 4691K, capacity 5130K, committed 5208K, reserved 1048576K
Event: 1.928 GC heap after
Heap after GC invocations=5 (full 1):
 PSYoungGen      total 229888K, used 15371K [0x0000000715580000, 0x0000000724f80000, 0x00000007c0000000)
  eden space 212992K, 0% used [0x0000000715580000,0x0000000715580000,0x0000000722580000)
  from space 16896K, 90% used [0x0000000723f00000,0x0000000724e02eb8,0x0000000724f80000)
  to   space 21504K, 0% used [0x0000000722580000,0x0000000722580000,0x0000000723a80000)
 ParOldGen       total 177152K, used 7802K [0x00000005c0000000, 0x00000005cad00000, 0x0000000715580000)
  object space 177152K, 4% used [0x00000005c0000000,0x00000005c079eb30,0x00000005cad00000)
 Metaspace       used 33304K, capacity 35316K, committed 35416K, reserved 1079296K
  class space    used 4691K, capacity 5130K, committed 5208K, reserved 1048576K
}
Event: 1.928 GC heap before
{Heap before GC invocations=6 (full 2):
 PSYoungGen      total 229888K, used 15371K [0x0000000715580000, 0x0000000724f80000, 0x00000007c0000000)
  eden space 212992K, 0% used [0x0000000715580000,0x0000000715580000,0x0000000722580000)
  from space 16896K, 90% used [0x0000000723f00000,0x0000000724e02eb8,0x0000000724f80000)
  to   space 21504K, 0% used [0x0000000722580000,0x0000000722580000,0x0000000723a80000)
 ParOldGen       total 177152K, used 7802K [0x00000005c0000000, 0x00000005cad00000, 0x0000000715580000)
  object space 177152K, 4% used [0x00000005c0000000,0x00000005c079eb30,0x00000005cad00000)
 Metaspace       used 33304K, capacity 35316K, committed 35416K, reserved 1079296K
  class space    used 4691K, capacity 5130K, committed 5208K, reserved 1048576K
Event: 1.964 GC heap after
Heap after GC invocations=6 (full 2):
 PSYoungGen      total 229888K, used 0K [0x0000000715580000, 0x0000000724f80000, 0x00000007c0000000)
  eden space 212992K, 0% used [0x0000000715580000,0x0000000715580000,0x0000000722580000)
  from space 16896K, 0% used [0x0000000723f00000,0x0000000723f00000,0x0000000724f80000)
  to   space 21504K, 0% used [0x0000000722580000,0x0000000722580000,0x0000000723a80000)
 ParOldGen       total 272896K, used 19195K [0x00000005c0000000, 0x00000005d0a80000, 0x0000000715580000)
  object space 272896K, 7% used [0x00000005c0000000,0x00000005c12bed50,0x00000005d0a80000)
 Metaspace       used 33304K, capacity 35316K, committed 35416K, reserved 1079296K
  class space    used 4691K, capacity 5130K, committed 5208K, reserved 1048576K
}
Event: 35.979 GC heap before
{Heap before GC invocations=7 (full 2):
 PSYoungGen      total 229888K, used 212992K [0x0000000715580000, 0x0000000724f80000, 0x00000007c0000000)
  eden space 212992K, 100% used [0x0000000715580000,0x0000000722580000,0x0000000722580000)
  from space 16896K, 0% used [0x0000000723f00000,0x0000000723f00000,0x0000000724f80000)
  to   space 21504K, 0% used [0x0000000722580000,0x0000000722580000,0x0000000723a80000)
 ParOldGen       total 272896K, used 19195K [0x00000005c0000000, 0x00000005d0a80000, 0x0000000715580000)
  object space 272896K, 7% used [0x00000005c0000000,0x00000005c12bed50,0x00000005d0a80000)
 Metaspace       used 47896K, capacity 51758K, committed 51928K, reserved 1093632K
  class space    used 6895K, capacity 7604K, committed 7640K, reserved 1048576K
Event: 35.990 GC heap after
Heap after GC invocations=7 (full 2):
 PSYoungGen      total 234496K, used 20435K [0x0000000715580000, 0x000000072ab80000, 0x00000007c0000000)
  eden space 212992K, 0% used [0x0000000715580000,0x0000000715580000,0x0000000722580000)
  from space 21504K, 95% used [0x0000000722580000,0x0000000723974df0,0x0000000723a80000)
  to   space 22528K, 0% used [0x0000000729580000,0x0000000729580000,0x000000072ab80000)
 ParOldGen       total 272896K, used 19211K [0x00000005c0000000, 0x00000005d0a80000, 0x0000000715580000)
  object space 272896K, 7% used [0x00000005c0000000,0x00000005c12c2d50,0x00000005d0a80000)
 Metaspace       used 47896K, capacity 51758K, committed 51928K, reserved 1093632K
  class space    used 6895K, capacity 7604K, committed 7640K, reserved 1048576K
}

